{"C:\\Users\\ANIISAH AYU\\Desktop\\phase3\\week3\\finalProject\\socket\\sellez-server\\services\\chat-Db\\app.js": {"path":"C:\\Users\\ANIISAH AYU\\Desktop\\phase3\\week3\\finalProject\\socket\\sellez-server\\services\\chat-Db\\app.js","statementMap":{"0":{"start":{"line":1,"column":0},"end":{"line":1,"column":27}},"1":{"start":{"line":2,"column":16},"end":{"line":2,"column":34}},"2":{"start":{"line":3,"column":12},"end":{"line":3,"column":21}},"3":{"start":{"line":4,"column":13},"end":{"line":4,"column":38}},"4":{"start":{"line":5,"column":13},"end":{"line":5,"column":28}},"5":{"start":{"line":6,"column":17},"end":{"line":6,"column":36}},"6":{"start":{"line":7,"column":13},"end":{"line":7,"column":28}},"7":{"start":{"line":8,"column":15},"end":{"line":8,"column":34}},"8":{"start":{"line":9,"column":17},"end":{"line":9,"column":44}},"9":{"start":{"line":10,"column":0},"end":{"line":10,"column":16}},"10":{"start":{"line":11,"column":0},"end":{"line":11,"column":24}},"11":{"start":{"line":12,"column":0},"end":{"line":12,"column":48}},"12":{"start":{"line":13,"column":0},"end":{"line":13,"column":16}},"13":{"start":{"line":14,"column":15},"end":{"line":14,"column":37}},"14":{"start":{"line":15,"column":19},"end":{"line":15,"column":39}},"15":{"start":{"line":16,"column":36},"end":{"line":16,"column":64}},"16":{"start":{"line":18,"column":11},"end":{"line":24,"column":2}},"17":{"start":{"line":26,"column":13},"end":{"line":33,"column":1}},"18":{"start":{"line":27,"column":2},"end":{"line":30,"column":5}},"19":{"start":{"line":31,"column":2},"end":{"line":31,"column":30}},"20":{"start":{"line":34,"column":0},"end":{"line":34,"column":7}},"21":{"start":{"line":36,"column":0},"end":{"line":102,"column":3}},"22":{"start":{"line":37,"column":2},"end":{"line":37,"column":46}},"23":{"start":{"line":38,"column":14},"end":{"line":38,"column":34}},"24":{"start":{"line":40,"column":2},"end":{"line":45,"column":5}},"25":{"start":{"line":42,"column":4},"end":{"line":42,"column":59}},"26":{"start":{"line":42,"column":33},"end":{"line":42,"column":57}},"27":{"start":{"line":43,"column":4},"end":{"line":43,"column":35}},"28":{"start":{"line":46,"column":2},"end":{"line":57,"column":5}},"29":{"start":{"line":48,"column":4},"end":{"line":48,"column":22}},"30":{"start":{"line":49,"column":20},"end":{"line":51,"column":6}},"31":{"start":{"line":52,"column":4},"end":{"line":55,"column":6}},"32":{"start":{"line":54,"column":26},"end":{"line":54,"column":47}},"33":{"start":{"line":56,"column":4},"end":{"line":56,"column":67}},"34":{"start":{"line":59,"column":2},"end":{"line":82,"column":5}},"35":{"start":{"line":61,"column":4},"end":{"line":81,"column":9}},"36":{"start":{"line":72,"column":8},"end":{"line":72,"column":26}},"37":{"start":{"line":75,"column":8},"end":{"line":75,"column":50}},"38":{"start":{"line":78,"column":8},"end":{"line":80,"column":69}},"39":{"start":{"line":83,"column":2},"end":{"line":97,"column":5}},"40":{"start":{"line":84,"column":4},"end":{"line":84,"column":33}},"41":{"start":{"line":87,"column":4},"end":{"line":96,"column":9}},"42":{"start":{"line":89,"column":8},"end":{"line":89,"column":26}},"43":{"start":{"line":92,"column":8},"end":{"line":92,"column":50}},"44":{"start":{"line":95,"column":8},"end":{"line":95,"column":45}},"45":{"start":{"line":99,"column":2},"end":{"line":101,"column":5}},"46":{"start":{"line":100,"column":4},"end":{"line":100,"column":51}},"47":{"start":{"line":106,"column":0},"end":{"line":106,"column":32}}},"fnMap":{"0":{"name":"(anonymous_0)","decl":{"start":{"line":26,"column":13},"end":{"line":26,"column":14}},"loc":{"start":{"line":26,"column":25},"end":{"line":33,"column":1}},"line":26},"1":{"name":"(anonymous_1)","decl":{"start":{"line":36,"column":20},"end":{"line":36,"column":21}},"loc":{"start":{"line":36,"column":38},"end":{"line":102,"column":1}},"line":36},"2":{"name":"(anonymous_2)","decl":{"start":{"line":40,"column":28},"end":{"line":40,"column":29}},"loc":{"start":{"line":40,"column":41},"end":{"line":45,"column":3}},"line":40},"3":{"name":"(anonymous_3)","decl":{"start":{"line":42,"column":25},"end":{"line":42,"column":26}},"loc":{"start":{"line":42,"column":33},"end":{"line":42,"column":57}},"line":42},"4":{"name":"(anonymous_4)","decl":{"start":{"line":46,"column":25},"end":{"line":46,"column":26}},"loc":{"start":{"line":46,"column":41},"end":{"line":57,"column":3}},"line":46},"5":{"name":"(anonymous_5)","decl":{"start":{"line":54,"column":18},"end":{"line":54,"column":19}},"loc":{"start":{"line":54,"column":26},"end":{"line":54,"column":47}},"line":54},"6":{"name":"(anonymous_6)","decl":{"start":{"line":59,"column":31},"end":{"line":59,"column":32}},"loc":{"start":{"line":59,"column":66},"end":{"line":82,"column":3}},"line":59},"7":{"name":"(anonymous_7)","decl":{"start":{"line":71,"column":12},"end":{"line":71,"column":13}},"loc":{"start":{"line":71,"column":22},"end":{"line":73,"column":7}},"line":71},"8":{"name":"(anonymous_8)","decl":{"start":{"line":74,"column":13},"end":{"line":74,"column":14}},"loc":{"start":{"line":74,"column":22},"end":{"line":76,"column":7}},"line":74},"9":{"name":"(anonymous_9)","decl":{"start":{"line":77,"column":15},"end":{"line":77,"column":16}},"loc":{"start":{"line":77,"column":21},"end":{"line":81,"column":7}},"line":77},"10":{"name":"(anonymous_10)","decl":{"start":{"line":83,"column":28},"end":{"line":83,"column":29}},"loc":{"start":{"line":83,"column":48},"end":{"line":97,"column":3}},"line":83},"11":{"name":"(anonymous_11)","decl":{"start":{"line":88,"column":12},"end":{"line":88,"column":13}},"loc":{"start":{"line":88,"column":22},"end":{"line":90,"column":7}},"line":88},"12":{"name":"(anonymous_12)","decl":{"start":{"line":91,"column":13},"end":{"line":91,"column":14}},"loc":{"start":{"line":91,"column":22},"end":{"line":93,"column":7}},"line":91},"13":{"name":"(anonymous_13)","decl":{"start":{"line":94,"column":15},"end":{"line":94,"column":16}},"loc":{"start":{"line":94,"column":21},"end":{"line":96,"column":7}},"line":94},"14":{"name":"(anonymous_14)","decl":{"start":{"line":99,"column":26},"end":{"line":99,"column":27}},"loc":{"start":{"line":99,"column":32},"end":{"line":101,"column":3}},"line":99}},"branchMap":{"0":{"loc":{"start":{"line":4,"column":13},"end":{"line":4,"column":38}},"type":"binary-expr","locations":[{"start":{"line":4,"column":13},"end":{"line":4,"column":29}},{"start":{"line":4,"column":33},"end":{"line":4,"column":38}}],"line":4}},"s":{"0":1,"1":1,"2":1,"3":1,"4":1,"5":1,"6":1,"7":1,"8":1,"9":1,"10":1,"11":1,"12":1,"13":1,"14":1,"15":1,"16":1,"17":1,"18":1,"19":1,"20":1,"21":1,"22":5,"23":5,"24":5,"25":0,"26":0,"27":0,"28":5,"29":0,"30":0,"31":0,"32":0,"33":0,"34":5,"35":0,"36":0,"37":0,"38":0,"39":5,"40":0,"41":0,"42":0,"43":0,"44":0,"45":5,"46":5,"47":1},"f":{"0":1,"1":5,"2":0,"3":0,"4":0,"5":0,"6":0,"7":0,"8":0,"9":0,"10":0,"11":0,"12":0,"13":0,"14":5},"b":{"0":[1,0]},"_coverageSchema":"1a1c01bbd47fc00a2c39e90264f33305004495a9","hash":"7fef2c9dde17cdb72c1eed696c9861de85605f97"}
,"C:\\Users\\ANIISAH AYU\\Desktop\\phase3\\week3\\finalProject\\socket\\sellez-server\\services\\chat-Db\\controllers\\messageController.js": {"path":"C:\\Users\\ANIISAH AYU\\Desktop\\phase3\\week3\\finalProject\\socket\\sellez-server\\services\\chat-Db\\controllers\\messageController.js","statementMap":{"0":{"start":{"line":1,"column":36},"end":{"line":1,"column":65}},"1":{"start":{"line":4,"column":4},"end":{"line":9,"column":5}},"2":{"start":{"line":5,"column":22},"end":{"line":5,"column":42}},"3":{"start":{"line":6,"column":6},"end":{"line":6,"column":36}},"4":{"start":{"line":8,"column":6},"end":{"line":8,"column":55}},"5":{"start":{"line":12,"column":4},"end":{"line":18,"column":5}},"6":{"start":{"line":13,"column":18},"end":{"line":13,"column":38}},"7":{"start":{"line":14,"column":6},"end":{"line":14,"column":20}},"8":{"start":{"line":15,"column":6},"end":{"line":15,"column":23}},"9":{"start":{"line":17,"column":6},"end":{"line":17,"column":55}},"10":{"start":{"line":21,"column":4},"end":{"line":26,"column":5}},"11":{"start":{"line":22,"column":22},"end":{"line":22,"column":49}},"12":{"start":{"line":23,"column":6},"end":{"line":23,"column":36}},"13":{"start":{"line":25,"column":6},"end":{"line":25,"column":55}},"14":{"start":{"line":29,"column":4},"end":{"line":34,"column":5}},"15":{"start":{"line":30,"column":18},"end":{"line":30,"column":45}},"16":{"start":{"line":31,"column":6},"end":{"line":31,"column":20}},"17":{"start":{"line":33,"column":6},"end":{"line":33,"column":55}},"18":{"start":{"line":38,"column":0},"end":{"line":38,"column":35}}},"fnMap":{"0":{"name":"(anonymous_0)","decl":{"start":{"line":3,"column":2},"end":{"line":3,"column":3}},"loc":{"start":{"line":3,"column":36},"end":{"line":10,"column":3}},"line":3},"1":{"name":"(anonymous_1)","decl":{"start":{"line":11,"column":2},"end":{"line":11,"column":3}},"loc":{"start":{"line":11,"column":42},"end":{"line":19,"column":3}},"line":11},"2":{"name":"(anonymous_2)","decl":{"start":{"line":20,"column":2},"end":{"line":20,"column":3}},"loc":{"start":{"line":20,"column":42},"end":{"line":27,"column":3}},"line":20},"3":{"name":"(anonymous_3)","decl":{"start":{"line":28,"column":2},"end":{"line":28,"column":3}},"loc":{"start":{"line":28,"column":42},"end":{"line":35,"column":3}},"line":28}},"branchMap":{},"s":{"0":1,"1":0,"2":0,"3":0,"4":0,"5":0,"6":0,"7":0,"8":0,"9":0,"10":0,"11":0,"12":0,"13":0,"14":0,"15":0,"16":0,"17":0,"18":1},"f":{"0":0,"1":0,"2":0,"3":0},"b":{},"_coverageSchema":"1a1c01bbd47fc00a2c39e90264f33305004495a9","hash":"b57823dd315f260150a1710be0197fd3eccca88d"}
,"C:\\Users\\ANIISAH AYU\\Desktop\\phase3\\week3\\finalProject\\socket\\sellez-server\\services\\chat-Db\\models\\messages.js": {"path":"C:\\Users\\ANIISAH AYU\\Desktop\\phase3\\week3\\finalProject\\socket\\sellez-server\\services\\chat-Db\\models\\messages.js","statementMap":{"0":{"start":{"line":1,"column":17},"end":{"line":1,"column":36}},"1":{"start":{"line":3,"column":23},"end":{"line":7,"column":2}},"2":{"start":{"line":8,"column":16},"end":{"line":8,"column":57}},"3":{"start":{"line":10,"column":25},"end":{"line":19,"column":2}},"4":{"start":{"line":20,"column":23},"end":{"line":20,"column":73}},"5":{"start":{"line":22,"column":0},"end":{"line":22,"column":45}}},"fnMap":{},"branchMap":{},"s":{"0":1,"1":1,"2":1,"3":1,"4":1,"5":1},"f":{},"b":{},"_coverageSchema":"1a1c01bbd47fc00a2c39e90264f33305004495a9","hash":"3d2c1bd3828adf406e52b28236d35d9ce5c795bb"}
,"C:\\Users\\ANIISAH AYU\\Desktop\\phase3\\week3\\finalProject\\socket\\sellez-server\\services\\chat-Db\\routes\\index.js": {"path":"C:\\Users\\ANIISAH AYU\\Desktop\\phase3\\week3\\finalProject\\socket\\sellez-server\\services\\chat-Db\\routes\\index.js","statementMap":{"0":{"start":{"line":1,"column":26},"end":{"line":1,"column":69}},"1":{"start":{"line":3,"column":15},"end":{"line":3,"column":42}},"2":{"start":{"line":5,"column":0},"end":{"line":5,"column":49}},"3":{"start":{"line":6,"column":0},"end":{"line":6,"column":48}},"4":{"start":{"line":8,"column":0},"end":{"line":8,"column":23}}},"fnMap":{},"branchMap":{},"s":{"0":1,"1":1,"2":1,"3":1,"4":1},"f":{},"b":{},"_coverageSchema":"1a1c01bbd47fc00a2c39e90264f33305004495a9","hash":"bd3e8d2b310462843fe41d5dec7043a3de002f43"}
}
